Started by user [8mha:////4CURAIiNWWsszHitDZzw/SQsyFufprafLWvjiRrsdsvLAAAAmB+LCAAAAAAAAP9b85aBtbiIQTGjNKU4P08vOT+vOD8nVc83PyU1x6OyILUoJzMv2y+/JJUBAhiZGBgqihhk0NSjKDWzXb3RdlLBUSYGJk8GtpzUvPSSDB8G5tKinBIGIZ+sxLJE/ZzEvHT94JKizLx0a6BxUmjGOUNodHsLgAyWEgY+/dLi1CL9ktTiEhADAGlS9sPDAAAA[0mTest
Building remotely on [8mha:////4OB7cu/k1b0zzn0Gobhexk1ZT1HLUIbBBlttNb/26OLsAAAAnx+LCAAAAAAAAP9b85aBtbiIQTGjNKU4P08vOT+vOD8nVc83PyU1x6OyILUoJzMv2y+/JJUBAhiZGBgqihhk0NSjKDWzXb3RdlLBUSYGJk8GtpzUvPSSDB8G5tKinBIGIZ+sxLJE/ZzEvHT94JKizLx0a6BxUmjGOUNodHsLgAyeEgYx/eT83ILSktQiMCMzJ7UoPjUnFwB8SDOrywAAAA==[0mcompiler_elm in workspace /home/taccuser/workspace/CompilerCQE_rocPRIM_Full
 > /usr/bin/git rev-parse --is-inside-work-tree # timeout=10
Fetching changes from the remote Git repository
 > /usr/bin/git config remote.origin.url https://github.com/ROCmSoftwarePlatform/rocPRIM.git # timeout=10
Fetching upstream changes from https://github.com/ROCmSoftwarePlatform/rocPRIM.git
 > /usr/bin/git --version # timeout=10
using GIT_ASKPASS to set credentials 
 > /usr/bin/git fetch --tags --progress https://github.com/ROCmSoftwarePlatform/rocPRIM.git +refs/heads/*:refs/remotes/origin/*
 > /usr/bin/git rev-parse refs/remotes/origin/develop^{commit} # timeout=10
 > /usr/bin/git rev-parse refs/remotes/origin/origin/develop^{commit} # timeout=10
Checking out Revision da9372a4d612f91099e452682c6e37a2d4ebc469 (refs/remotes/origin/develop)
 > /usr/bin/git config core.sparsecheckout # timeout=10
 > /usr/bin/git checkout -f da9372a4d612f91099e452682c6e37a2d4ebc469
Commit message: "Add definition to max_grid_size and shared_impl_max_bins (#51)"
 > /usr/bin/git rev-list --no-walk da9372a4d612f91099e452682c6e37a2d4ebc469 # timeout=10
[CompilerCQE_rocPRIM_Full] $ /bin/sh -xe /tmp/jenkins1590758592164604642.sh
+ rm -rf build/
+ mkdir build
+ cd build
+ CXX=/opt/rocm/hcc/bin/hcc cmake -DBUILD_BENCHMARK=OFF ../.
+ tee rocPRIM_build.log
-- The CXX compiler identification is Clang 9.0.0
-- Check for working CXX compiler: /opt/rocm/hcc/bin/hcc
-- Check for working CXX compiler: /opt/rocm/hcc/bin/hcc -- works
-- Detecting CXX compiler ABI info
-- Detecting CXX compiler ABI info - done
-- Detecting CXX compile features
-- Detecting CXX compile features - done
-- Setting build type to 'Release' as none was specified.
-- Found HIP: /usr/local (found suitable version "1.5.19122", minimum required is "1.5.18263") 
-- HIP Compiler: hcc
-- Found PkgConfig: /usr/bin/pkg-config (found version "0.29.1") 
-- Found Git: /usr/bin/git (found version "2.7.4") 
-- Downloading and building GTest.
-- Downloading/updating googletest
-- Configuring done
-- Generating done
-- Build files have been written to: /home/taccuser/workspace/CompilerCQE_rocPRIM_Full/build/googletest-download
Scanning dependencies of target googletest-download
[ 11%] Creating directories for 'googletest-download'
[ 22%] Performing download step (git clone) for 'googletest-download'
-- googletest-download download command succeeded.  See also /home/taccuser/workspace/CompilerCQE_rocPRIM_Full/build/googletest-download/googletest-download-prefix/src/googletest-download-stamp/googletest-download-download-*.log
[ 33%] No patch step for 'googletest-download'
[ 44%] Skipping update step for 'googletest-download'
[ 55%] Performing configure step for 'googletest-download'
-- googletest-download configure command succeeded.  See also /home/taccuser/workspace/CompilerCQE_rocPRIM_Full/build/googletest-download/googletest-download-prefix/src/googletest-download-stamp/googletest-download-configure-*.log
[ 66%] Performing build step for 'googletest-download'
-- googletest-download build command succeeded.  See also /home/taccuser/workspace/CompilerCQE_rocPRIM_Full/build/googletest-download/googletest-download-prefix/src/googletest-download-stamp/googletest-download-build-*.log
[ 77%] Performing install step for 'googletest-download'
-- googletest-download install command succeeded.  See also /home/taccuser/workspace/CompilerCQE_rocPRIM_Full/build/googletest-download/googletest-download-prefix/src/googletest-download-stamp/googletest-download-install-*.log
[ 88%] No test step for 'googletest-download'
[100%] Completed 'googletest-download'
[100%] Built target googletest-download
-- Found GTest: /home/taccuser/workspace/CompilerCQE_rocPRIM_Full/build/gtest/lib/libgtest.so  
-- Looking for C++ include pthread.h
-- Looking for C++ include pthread.h - found
-- Looking for pthread_create
-- Looking for pthread_create - not found
-- Looking for pthread_create in pthreads
-- Looking for pthread_create in pthreads - not found
-- Looking for pthread_create in pthread
-- Looking for pthread_create in pthread - found
-- Found Threads: TRUE  
-- ******** Summary ********
-- General:
--   System                : Linux
--   HIP ROOT              : /usr/local
--   C++ compiler          : /opt/rocm/hcc/bin/hcc
--   C++ compiler version  : 9.0.0
--   CXX flags             : -Wno-unused-command-line-argument -Wall -Wextra
--   Build type            : Release
--   Install prefix        : /opt/rocm
--   Device targets        : gfx803;gfx900;gfx906
-- 
--   BUILD_TEST            : ON
--   BUILD_BENCHMARK       : OFF
--   BUILD_EXAMPLE         : OFF
-- Configuring done
-- Generating done
-- Build files have been written to: /home/taccuser/workspace/CompilerCQE_rocPRIM_Full/build
+ make+  -j16
tee -a rocPRIM_build.log
Scanning dependencies of target test_hc_api
[  0%] Building CXX object test/CMakeFiles/test_hc_api.dir/test_hc_api.cpp.o
Scanning dependencies of target test_hip_api
[  1%] Building CXX object test/CMakeFiles/test_hip_api.dir/test_hip_api.cpp.o
Scanning dependencies of target test_hip_device_segmented_reduce
Scanning dependencies of target test_hip_warp_sort
Scanning dependencies of target test_hip_device_partition
Scanning dependencies of target test_hip_device_merge
Scanning dependencies of target test_hip_device_radix_sort
Scanning dependencies of target test_hip_device_reduce
Scanning dependencies of target test_hc_device_scan
Scanning dependencies of target test_hip_device_merge_sort
Scanning dependencies of target test_hip_device_histogram
Scanning dependencies of target test_hip_device_run_length_encode
Scanning dependencies of target test_hip_zip_iterator
Scanning dependencies of target test_hip_device_segmented_radix_sort
Scanning dependencies of target test_hip_device_transform
Scanning dependencies of target test_hip_device_reduce_by_key
[  2%] Building CXX object test/rocprim/CMakeFiles/test_hip_warp_sort.dir/test_hip_warp_sort.cpp.o
[  2%] Building CXX object test/rocprim/CMakeFiles/test_hip_device_segmented_reduce.dir/test_hip_device_segmented_reduce.cpp.o
[  3%] Building CXX object test/rocprim/CMakeFiles/test_hip_device_partition.dir/test_hip_device_partition.cpp.o
[  4%] Building CXX object test/rocprim/CMakeFiles/test_hip_device_merge.dir/test_hip_device_merge.cpp.o
[  4%] Building CXX object test/rocprim/CMakeFiles/test_hip_device_reduce.dir/test_hip_device_reduce.cpp.o
[  5%] Building CXX object test/rocprim/CMakeFiles/test_hip_device_radix_sort.dir/test_hip_device_radix_sort.cpp.o
[  6%] Building CXX object test/rocprim/CMakeFiles/test_hc_device_scan.dir/test_hc_device_scan.cpp.o
[  7%] Building CXX object test/rocprim/CMakeFiles/test_hip_device_merge_sort.dir/test_hip_device_merge_sort.cpp.o
[  8%] Building CXX object test/rocprim/CMakeFiles/test_hip_device_histogram.dir/test_hip_device_histogram.cpp.o
[  8%] Building CXX object test/rocprim/CMakeFiles/test_hip_device_run_length_encode.dir/test_hip_device_run_length_encode.cpp.o
[  8%] Building CXX object test/rocprim/CMakeFiles/test_hip_device_segmented_radix_sort.dir/test_hip_device_segmented_radix_sort.cpp.o
[  9%] Building CXX object test/rocprim/CMakeFiles/test_hip_zip_iterator.dir/test_hip_zip_iterator.cpp.o
[ 10%] Building CXX object test/rocprim/CMakeFiles/test_hip_device_transform.dir/test_hip_device_transform.cpp.o
[ 10%] Building CXX object test/rocprim/CMakeFiles/test_hip_device_reduce_by_key.dir/test_hip_device_reduce_by_key.cpp.o
[ 11%] Linking CXX executable test_hc_api
[ 11%] Built target test_hc_api
Scanning dependencies of target test_hc_device_partition
[ 11%] Building CXX object test/rocprim/CMakeFiles/test_hc_device_partition.dir/test_hc_device_partition.cpp.o
[ 11%] Linking CXX executable test_hip_api
[ 11%] Built target test_hip_api
Scanning dependencies of target test_hip_transform_iterator
[ 11%] Building CXX object test/rocprim/CMakeFiles/test_hip_transform_iterator.dir/test_hip_transform_iterator.cpp.o
[ 11%] Linking CXX executable test_hip_zip_iterator
[ 11%] Built target test_hip_zip_iterator
Scanning dependencies of target test_hip_block_sort
[ 11%] Building CXX object test/rocprim/CMakeFiles/test_hip_block_sort.dir/test_hip_block_sort.cpp.o
[ 11%] Linking CXX executable test_hip_device_transform
[ 11%] Linking CXX executable test_hip_device_merge
[ 12%] Linking CXX executable test_hip_warp_sort
[ 12%] Built target test_hip_device_transform
Scanning dependencies of target test_hc_device_segmented_radix_sort
[ 13%] Building CXX object test/rocprim/CMakeFiles/test_hc_device_segmented_radix_sort.dir/test_hc_device_segmented_radix_sort.cpp.o
[ 13%] Linking CXX executable test_hip_device_segmented_reduce
[ 13%] Built target test_hip_device_merge
Scanning dependencies of target test_hip_warp_reduce
[ 13%] Building CXX object test/rocprim/CMakeFiles/test_hip_warp_reduce.dir/test_hip_warp_reduce.cpp.o
[ 14%] Linking CXX executable test_hc_device_partition
[ 14%] Built target test_hip_warp_sort
Scanning dependencies of target test_hc_arg_index_iterator
[ 14%] Building CXX object test/rocprim/CMakeFiles/test_hc_arg_index_iterator.dir/test_hc_arg_index_iterator.cpp.o
[ 14%] Linking CXX executable test_hip_device_partition
[ 14%] Built target test_hip_device_segmented_reduce
Scanning dependencies of target test_hc_device_segmented_scan
[ 15%] Building CXX object test/rocprim/CMakeFiles/test_hc_device_segmented_scan.dir/test_hc_device_segmented_scan.cpp.o
[ 15%] Built target test_hc_device_partition
Scanning dependencies of target test_hc_block_histogram
[ 15%] Building CXX object test/rocprim/CMakeFiles/test_hc_block_histogram.dir/test_hc_block_histogram.cpp.o
[ 16%] Linking CXX executable test_hip_transform_iterator
[ 16%] Built target test_hip_device_partition
Scanning dependencies of target test_hc_device_reduce_by_key
[ 16%] Building CXX object test/rocprim/CMakeFiles/test_hc_device_reduce_by_key.dir/test_hc_device_reduce_by_key.cpp.o
[ 17%] Linking CXX executable test_hip_device_reduce
[ 17%] Built target test_hip_transform_iterator
Scanning dependencies of target test_hc_device_radix_sort
[ 17%] Building CXX object test/rocprim/CMakeFiles/test_hc_device_radix_sort.dir/test_hc_device_radix_sort.cpp.o
[ 18%] Linking CXX executable test_hc_arg_index_iterator
[ 18%] Built target test_hip_device_reduce
Scanning dependencies of target test_hc_device_merge
[ 19%] Building CXX object test/rocprim/CMakeFiles/test_hc_device_merge.dir/test_hc_device_merge.cpp.o
[ 19%] Built target test_hc_arg_index_iterator
Scanning dependencies of target test_hc_device_histogram
[ 20%] Building CXX object test/rocprim/CMakeFiles/test_hc_device_histogram.dir/test_hc_device_histogram.cpp.o
[ 21%] Linking CXX executable test_hc_block_histogram
[ 22%] Linking CXX executable test_hip_device_reduce_by_key
[ 22%] Built target test_hc_block_histogram
Scanning dependencies of target test_hc_counting_iterator
[ 23%] Building CXX object test/rocprim/CMakeFiles/test_hc_counting_iterator.dir/test_hc_counting_iterator.cpp.o
[ 23%] Linking CXX executable test_hc_device_merge
[ 23%] Linking CXX executable test_hip_device_histogram
[ 23%] Linking CXX executable test_hip_device_merge_sort
[ 23%] Built target test_hc_device_merge
Scanning dependencies of target test_hip_block_exchange
[ 24%] Building CXX object test/rocprim/CMakeFiles/test_hip_block_exchange.dir/test_hip_block_exchange.cpp.o
[ 24%] Linking CXX executable test_hc_counting_iterator
[ 24%] Built target test_hip_device_reduce_by_key
Scanning dependencies of target test_hc_constant_iterator
[ 25%] Building CXX object test/rocprim/CMakeFiles/test_hc_constant_iterator.dir/test_hc_constant_iterator.cpp.o
[ 26%] Linking CXX executable test_hip_block_sort
[ 26%] Built target test_hc_counting_iterator
Scanning dependencies of target test_hip_block_scan
[ 26%] Building CXX object test/rocprim/CMakeFiles/test_hip_block_scan.dir/test_hip_block_scan.cpp.o
[ 26%] Built target test_hip_device_histogram
Scanning dependencies of target test_hc_block_load_store
[ 26%] Building CXX object test/rocprim/CMakeFiles/test_hc_block_load_store.dir/test_hc_block_load_store.cpp.o
[ 26%] Built target test_hip_device_merge_sort
Scanning dependencies of target test_hc_block_exchange
[ 27%] Building CXX object test/rocprim/CMakeFiles/test_hc_block_exchange.dir/test_hc_block_exchange.cpp.o
[ 28%] Linking CXX executable test_hc_device_reduce_by_key
[ 29%] Linking CXX executable test_hip_device_run_length_encode
[ 29%] Linking CXX executable test_hc_constant_iterator
[ 29%] Built target test_hc_constant_iterator
Scanning dependencies of target test_hc_block_discontinuity
[ 30%] Building CXX object test/rocprim/CMakeFiles/test_hc_block_discontinuity.dir/test_hc_block_discontinuity.cpp.o
[ 30%] Built target test_hip_block_sort
Scanning dependencies of target test_hip_intrinsics
[ 31%] Building CXX object test/rocprim/CMakeFiles/test_hip_intrinsics.dir/test_hip_intrinsics.cpp.o
[ 31%] Linking CXX executable test_hc_device_segmented_scan
[ 31%] Built target test_hc_device_reduce_by_key
Scanning dependencies of target test_hc_device_merge_sort
[ 32%] Building CXX object test/rocprim/CMakeFiles/test_hc_device_merge_sort.dir/test_hc_device_merge_sort.cpp.o
[ 32%] Linking CXX executable test_hc_device_histogram
[ 32%] Built target test_hip_device_run_length_encode
Scanning dependencies of target test_hip_constant_iterator
[ 32%] Building CXX object test/rocprim/CMakeFiles/test_hip_constant_iterator.dir/test_hip_constant_iterator.cpp.o
[ 33%] Linking CXX executable test_hip_warp_reduce
[ 33%] Built target test_hc_device_histogram
Scanning dependencies of target test_hip_texture_cache_iterator
[ 33%] Building CXX object test/rocprim/CMakeFiles/test_hip_texture_cache_iterator.dir/test_hip_texture_cache_iterator.cpp.o
[ 33%] Linking CXX executable test_hc_device_scan
[ 33%] Built target test_hip_warp_reduce
Scanning dependencies of target test_hc_block_reduce
[ 33%] Building CXX object test/rocprim/CMakeFiles/test_hc_block_reduce.dir/test_hc_block_reduce.cpp.o
[ 34%] Linking CXX executable test_hip_intrinsics
[ 34%] Built target test_hip_intrinsics
Scanning dependencies of target test_hc_device_segmented_reduce
[ 35%] Building CXX object test/rocprim/CMakeFiles/test_hc_device_segmented_reduce.dir/test_hc_device_segmented_reduce.cpp.o
[ 36%] Linking CXX executable test_hip_constant_iterator
[ 36%] Linking CXX executable test_hc_block_discontinuity
[ 37%] Linking CXX executable test_hc_block_exchange
[ 37%] Built target test_hip_constant_iterator
Scanning dependencies of target test_hc_device_select
[ 38%] Building CXX object test/rocprim/CMakeFiles/test_hc_device_select.dir/test_hc_device_select.cpp.o
[ 38%] Built target test_hc_device_segmented_scan
Scanning dependencies of target test_hip_warp_scan
[ 38%] Building CXX object test/rocprim/CMakeFiles/test_hip_warp_scan.dir/test_hip_warp_scan.cpp.o
[ 38%] Built target test_hc_block_discontinuity
Scanning dependencies of target test_hc_block_sort
[ 39%] Building CXX object test/rocprim/CMakeFiles/test_hc_block_sort.dir/test_hc_block_sort.cpp.o
[ 39%] Built target test_hc_block_exchange
Scanning dependencies of target test_hip_block_radix_sort
[ 40%] Building CXX object test/rocprim/CMakeFiles/test_hip_block_radix_sort.dir/test_hip_block_radix_sort.cpp.o
[ 41%] Linking CXX executable test_hc_device_merge_sort
[ 41%] Linking CXX executable test_hip_block_exchange
[ 42%] Linking CXX executable test_hip_texture_cache_iterator
[ 43%] Linking CXX executable test_hc_block_load_store
[ 43%] Built target test_hip_texture_cache_iterator
Scanning dependencies of target test_hip_discard_iterator
[ 44%] Building CXX object test/rocprim/CMakeFiles/test_hip_discard_iterator.dir/test_hip_discard_iterator.cpp.o
[ 44%] Built target test_hip_block_exchange
Scanning dependencies of target test_hc_device_transform
[ 45%] Building CXX object test/rocprim/CMakeFiles/test_hc_device_transform.dir/test_hc_device_transform.cpp.o
[ 45%] Built target test_hc_device_merge_sort
Scanning dependencies of target test_hc_zip_iterator
[ 46%] Building CXX object test/rocprim/CMakeFiles/test_hc_zip_iterator.dir/test_hc_zip_iterator.cpp.o
[ 46%] Linking CXX executable test_hc_device_segmented_reduce
[ 46%] Built target test_hc_block_load_store
Scanning dependencies of target test_hip_device_scan
[ 46%] Building CXX object test/rocprim/CMakeFiles/test_hip_device_scan.dir/test_hip_device_scan.cpp.o
[ 46%] Linking CXX executable test_hc_device_select
[ 46%] Built target test_hc_device_segmented_reduce
Scanning dependencies of target test_hc_block_radix_sort
[ 46%] Building CXX object test/rocprim/CMakeFiles/test_hc_block_radix_sort.dir/test_hc_block_radix_sort.cpp.o
[ 46%] Built target test_hc_device_select
Scanning dependencies of target test_hc_discard_iterator
[ 46%] Building CXX object test/rocprim/CMakeFiles/test_hc_discard_iterator.dir/test_hc_discard_iterator.cpp.o
[ 47%] Linking CXX executable test_hc_device_transform
[ 47%] Linking CXX executable test_hip_discard_iterator
[ 47%] Built target test_hc_device_transform
[ 47%] Built target test_hc_device_scan
Scanning dependencies of target test_hc_intrinsics
[ 47%] Building CXX object test/rocprim/CMakeFiles/test_hc_intrinsics.dir/test_hc_intrinsics.cpp.o
Scanning dependencies of target test_hip_device_segmented_scan
[ 48%] Building CXX object test/rocprim/CMakeFiles/test_hip_device_segmented_scan.dir/test_hip_device_segmented_scan.cpp.o
[ 48%] Built target test_hip_discard_iterator
Scanning dependencies of target test_hc_transform_iterator
[ 48%] Building CXX object test/rocprim/CMakeFiles/test_hc_transform_iterator.dir/test_hc_transform_iterator.cpp.o
[ 48%] Linking CXX executable test_hc_zip_iterator
[ 48%] Built target test_hc_zip_iterator
Scanning dependencies of target test_hc_warp_sort
[ 49%] Building CXX object test/rocprim/CMakeFiles/test_hc_warp_sort.dir/test_hc_warp_sort.cpp.o
[ 50%] Linking CXX executable test_hc_discard_iterator
[ 50%] Built target test_hc_discard_iterator
Scanning dependencies of target test_hip_block_load_store
[ 51%] Building CXX object test/rocprim/CMakeFiles/test_hip_block_load_store.dir/test_hip_block_load_store.cpp.o
[ 52%] Linking CXX executable test_hc_intrinsics
[ 52%] Built target test_hc_intrinsics
Scanning dependencies of target test_hc_device_reduce
[ 52%] Building CXX object test/rocprim/CMakeFiles/test_hc_device_reduce.dir/test_hc_device_reduce.cpp.o
[ 52%] Linking CXX executable test_hc_block_sort
[ 53%] Linking CXX executable test_hc_block_reduce
[ 53%] Linking CXX executable test_hc_warp_sort
[ 54%] Linking CXX executable test_hc_transform_iterator
[ 55%] Linking CXX executable test_hip_device_segmented_radix_sort
[ 55%] Built target test_hc_block_reduce
Scanning dependencies of target test_hc_block_scan
[ 55%] Building CXX object test/rocprim/CMakeFiles/test_hc_block_scan.dir/test_hc_block_scan.cpp.o
[ 55%] Built target test_hc_warp_sort
Scanning dependencies of target test_hc_tuple
[ 55%] Building CXX object test/rocprim/CMakeFiles/test_hc_tuple.dir/test_hc_tuple.cpp.o
[ 55%] Built target test_hc_transform_iterator
Scanning dependencies of target test_hc_basic
[ 55%] Building CXX object test/rocprim/CMakeFiles/test_hc_basic.dir/test_hc_basic.cpp.o
[ 55%] Built target test_hc_block_sort
[ 56%] Building CXX object test/rocprim/CMakeFiles/test_hc_basic.dir/detail/get_rocprim_version_hc.cpp.o
Scanning dependencies of target test_hc_warp_scan
[ 57%] Building CXX object test/rocprim/CMakeFiles/test_hc_warp_scan.dir/test_hc_warp_scan.cpp.o
[ 58%] Linking CXX executable test_hc_tuple
[ 59%] Linking CXX executable test_hc_block_radix_sort
[ 60%] Linking CXX executable test_hip_block_radix_sort
[ 60%] Linking CXX executable test_hc_basic
[ 60%] Built target test_hc_tuple
Scanning dependencies of target test_hip_counting_iterator
[ 61%] Building CXX object test/rocprim/CMakeFiles/test_hip_counting_iterator.dir/test_hip_counting_iterator.cpp.o
[ 61%] Built target test_hc_basic
Scanning dependencies of target test_hip_basic
[ 62%] Building CXX object test/rocprim/CMakeFiles/test_hip_basic.dir/test_hip_basic.cpp.o
[ 63%] Linking CXX executable test_hip_device_radix_sort
[ 63%] Linking CXX executable test_hc_device_segmented_radix_sort
[ 64%] Linking CXX executable test_hc_device_reduce
[ 64%] Built target test_hc_block_radix_sort
[ 65%] Building CXX object test/rocprim/CMakeFiles/test_hip_basic.dir/detail/get_rocprim_version_hip.cpp.o
[ 65%] Built target test_hip_block_radix_sort
Scanning dependencies of target test_hip_arg_index_iterator
[ 66%] Building CXX object test/rocprim/CMakeFiles/test_hip_arg_index_iterator.dir/test_hip_arg_index_iterator.cpp.o
[ 67%] Linking CXX executable test_hip_warp_scan
[ 67%] Built target test_hc_device_reduce
Scanning dependencies of target test_hc_warp_reduce
[ 67%] Building CXX object test/rocprim/CMakeFiles/test_hc_warp_reduce.dir/test_hc_warp_reduce.cpp.o
Scanning dependencies of target test_hip_block_discontinuity
[ 68%] Building CXX object test/rocprim/CMakeFiles/test_hip_block_discontinuity.dir/test_hip_block_discontinuity.cpp.o
[ 68%] Linking CXX executable test_hip_counting_iterator
[ 68%] Linking CXX executable test_hip_basic
[ 68%] Built target test_hip_warp_scan
Scanning dependencies of target test_hc_device_run_length_encode
[ 68%] Building CXX object test/rocprim/CMakeFiles/test_hc_device_run_length_encode.dir/test_hc_device_run_length_encode.cpp.o
[ 68%] Built target test_hip_counting_iterator
Scanning dependencies of target test_hip_block_histogram
[ 69%] Building CXX object test/rocprim/CMakeFiles/test_hip_block_histogram.dir/test_hip_block_histogram.cpp.o
[ 69%] Built target test_hip_basic
Scanning dependencies of target test_hip_device_select
[ 70%] Building CXX object test/rocprim/CMakeFiles/test_hip_device_select.dir/test_hip_device_select.cpp.o
[ 70%] Linking CXX executable test_hip_arg_index_iterator
[ 71%] Linking CXX executable test_hip_block_scan
[ 71%] Linking CXX executable test_hip_block_load_store
[ 71%] Built target test_hip_arg_index_iterator
Scanning dependencies of target test_hip_block_reduce
[ 71%] Building CXX object test/rocprim/CMakeFiles/test_hip_block_reduce.dir/test_hip_block_reduce.cpp.o
[ 71%] Built target test_hip_block_load_store
Scanning dependencies of target test_hipcub_device_radix_sort
[ 72%] Building CXX object test/hipcub/CMakeFiles/test_hipcub_device_radix_sort.dir/test_hipcub_device_radix_sort.cpp.o
[ 72%] Linking CXX executable test_hip_device_segmented_scan
[ 72%] Built target test_hip_block_scan
Scanning dependencies of target test_hipcub_block_exchange
[ 72%] Building CXX object test/hipcub/CMakeFiles/test_hipcub_block_exchange.dir/test_hipcub_block_exchange.cpp.o
[ 72%] Linking CXX executable test_hip_block_histogram
[ 72%] Linking CXX executable test_hc_warp_scan
[ 72%] Linking CXX executable test_hip_device_select
[ 72%] Built target test_hip_block_histogram
Scanning dependencies of target test_hipcub_block_scan
[ 73%] Building CXX object test/hipcub/CMakeFiles/test_hipcub_block_scan.dir/test_hipcub_block_scan.cpp.o
[ 73%] Linking CXX executable test_hip_block_discontinuity
[ 73%] Built target test_hc_warp_scan
Scanning dependencies of target test_hipcub_block_reduce
[ 74%] Building CXX object test/hipcub/CMakeFiles/test_hipcub_block_reduce.dir/test_hipcub_block_reduce.cpp.o
[ 74%] Built target test_hip_device_select
Scanning dependencies of target test_hipcub_block_load_store
[ 75%] Building CXX object test/hipcub/CMakeFiles/test_hipcub_block_load_store.dir/test_hipcub_block_load_store.cpp.o
[ 75%] Built target test_hip_block_discontinuity
Scanning dependencies of target test_hipcub_basic
[ 76%] Building CXX object test/hipcub/CMakeFiles/test_hipcub_basic.dir/test_hipcub_basic.cpp.o
[ 77%] Linking CXX executable test_hc_warp_reduce
[ 77%] Built target test_hip_device_segmented_scan
[ 77%] Building CXX object test/hipcub/CMakeFiles/test_hipcub_basic.dir/detail/get_hipcub_version.cpp.o
[ 78%] Linking CXX executable test_hc_device_run_length_encode
[ 79%] Linking CXX executable test_hc_block_scan
Scanning dependencies of target test_hipcub_block_discontinuity
[ 79%] Building CXX object test/hipcub/CMakeFiles/test_hipcub_block_discontinuity.dir/test_hipcub_block_discontinuity.cpp.o
[ 79%] Built target test_hc_warp_reduce
Scanning dependencies of target test_hipcub_device_run_length_encode
[ 79%] Building CXX object test/hipcub/CMakeFiles/test_hipcub_device_run_length_encode.dir/test_hipcub_device_run_length_encode.cpp.o
[ 80%] Linking CXX executable test_hipcub_basic
[ 80%] Built target test_hipcub_basic
Scanning dependencies of target test_hipcub_block_histogram
[ 80%] Building CXX object test/hipcub/CMakeFiles/test_hipcub_block_histogram.dir/test_hipcub_block_histogram.cpp.o
[ 80%] Built target test_hc_block_scan
Scanning dependencies of target test_hipcub_warp_reduce
[ 81%] Building CXX object test/hipcub/CMakeFiles/test_hipcub_warp_reduce.dir/test_hipcub_warp_reduce.cpp.o
[ 82%] Linking CXX executable test_hipcub_block_exchange
[ 82%] Linking CXX executable test_hipcub_block_reduce
[ 83%] Linking CXX executable test_hip_block_reduce
[ 83%] Built target test_hc_device_run_length_encode
Scanning dependencies of target test_hipcub_device_reduce
[ 83%] Building CXX object test/hipcub/CMakeFiles/test_hipcub_device_reduce.dir/test_hipcub_device_reduce.cpp.o
[ 83%] Built target test_hipcub_block_exchange
Scanning dependencies of target test_hipcub_device_reduce_by_key
[ 83%] Building CXX object test/hipcub/CMakeFiles/test_hipcub_device_reduce_by_key.dir/test_hipcub_device_reduce_by_key.cpp.o
[ 83%] Built target test_hipcub_block_reduce
Scanning dependencies of target test_hipcub_block_radix_sort
[ 84%] Building CXX object test/hipcub/CMakeFiles/test_hipcub_block_radix_sort.dir/test_hipcub_block_radix_sort.cpp.o
[ 84%] Built target test_hip_block_reduce
Scanning dependencies of target test_hipcub_device_scan
[ 84%] Building CXX object test/hipcub/CMakeFiles/test_hipcub_device_scan.dir/test_hipcub_device_scan.cpp.o
[ 84%] Built target test_hip_device_segmented_radix_sort
Scanning dependencies of target test_hipcub_device_segmented_radix_sort
[ 84%] Building CXX object test/hipcub/CMakeFiles/test_hipcub_device_segmented_radix_sort.dir/test_hipcub_device_segmented_radix_sort.cpp.o
[ 85%] Linking CXX executable test_hipcub_block_histogram
[ 86%] Linking CXX executable test_hip_device_scan
[ 87%] Linking CXX executable test_hipcub_block_discontinuity
[ 87%] Built target test_hipcub_block_histogram
[ 87%] Built target test_hipcub_block_discontinuity
Scanning dependencies of target test_hipcub_device_segmented_reduce
Scanning dependencies of target test_hipcub_util_ptx
[ 88%] Building CXX object test/hipcub/CMakeFiles/test_hipcub_device_segmented_reduce.dir/test_hipcub_device_segmented_reduce.cpp.o
[ 89%] Building CXX object test/hipcub/CMakeFiles/test_hipcub_util_ptx.dir/test_hipcub_util_ptx.cpp.o
[ 89%] Linking CXX executable test_hipcub_block_load_store
[ 89%] Built target test_hipcub_block_load_store
Scanning dependencies of target test_hipcub_device_select
[ 90%] Building CXX object test/hipcub/CMakeFiles/test_hipcub_device_select.dir/test_hipcub_device_select.cpp.o
[ 91%] Linking CXX executable test_hipcub_device_scan
[ 91%] Built target test_hipcub_device_scan
Scanning dependencies of target test_hipcub_warp_scan
[ 92%] Building CXX object test/hipcub/CMakeFiles/test_hipcub_warp_scan.dir/test_hipcub_warp_scan.cpp.o
[ 92%] Linking CXX executable test_hipcub_warp_reduce
[ 93%] Linking CXX executable test_hipcub_device_reduce
[ 94%] Linking CXX executable test_hipcub_device_run_length_encode
[ 94%] Built target test_hipcub_warp_reduce
Scanning dependencies of target test_hipcub_device_histogram
[ 95%] Building CXX object test/hipcub/CMakeFiles/test_hipcub_device_histogram.dir/test_hipcub_device_histogram.cpp.o
[ 95%] Linking CXX executable test_hipcub_util_ptx
[ 96%] Linking CXX executable test_hipcub_device_reduce_by_key
[ 96%] Built target test_hipcub_util_ptx
[ 96%] Linking CXX executable test_hipcub_device_segmented_reduce
[ 96%] Linking CXX executable test_hipcub_device_select
[ 96%] Built target test_hipcub_device_segmented_reduce
[ 96%] Built target test_hipcub_device_select
[ 96%] Built target test_hipcub_device_reduce_by_key
[ 96%] Linking CXX executable test_hipcub_block_radix_sort
[ 96%] Built target test_hipcub_device_reduce
[ 96%] Built target test_hipcub_device_run_length_encode
[ 96%] Built target test_hc_device_segmented_radix_sort
[ 96%] Built target test_hip_device_scan
[ 96%] Built target test_hipcub_block_radix_sort
[ 96%] Linking CXX executable test_hipcub_block_scan
[ 96%] Built target test_hip_device_radix_sort
[ 96%] Built target test_hipcub_block_scan
[ 97%] Linking CXX executable test_hipcub_warp_scan
[ 97%] Built target test_hipcub_warp_scan
[ 97%] Linking CXX executable test_hipcub_device_histogram
[ 97%] Built target test_hipcub_device_histogram
[ 98%] Linking CXX executable test_hipcub_device_radix_sort
[ 99%] Linking CXX executable test_hc_device_radix_sort
[100%] Linking CXX executable test_hipcub_device_segmented_radix_sort
[100%] Built target test_hipcub_device_radix_sort
[100%] Built target test_hipcub_device_segmented_radix_sort
[100%] Built target test_hc_device_radix_sort
+ ctest --output-on-failure
+ tee rocPRIM_unittest.log
Test project /home/taccuser/workspace/CompilerCQE_rocPRIM_Full/build
      Start  1: hip.device_api
 1/90 Test  #1: hip.device_api ............................   Passed    0.66 sec
      Start  2: hc.device_api
 2/90 Test  #2: hc.device_api .............................   Passed    0.84 sec
      Start  3: rocprim.hc.basic_test
 3/90 Test  #3: rocprim.hc.basic_test .....................   Passed    0.59 sec
      Start  4: rocprim.hc.arg_index_iterator
 4/90 Test  #4: rocprim.hc.arg_index_iterator .............   Passed    0.85 sec
      Start  5: rocprim.hc.block_discontinuity
 5/90 Test  #5: rocprim.hc.block_discontinuity ............   Passed    4.90 sec
      Start  6: rocprim.hc.block_exchange
 6/90 Test  #6: rocprim.hc.block_exchange .................   Passed    0.93 sec
      Start  7: rocprim.hc.block_histogram
 7/90 Test  #7: rocprim.hc.block_histogram ................   Passed    0.64 sec
      Start  8: rocprim.hc.block_load_store
 8/90 Test  #8: rocprim.hc.block_load_store ...............   Passed    1.40 sec
      Start  9: rocprim.hc.block_radix_sort
 9/90 Test  #9: rocprim.hc.block_radix_sort ...............   Passed    3.41 sec
      Start 10: rocprim.hc.block_reduce
10/90 Test #10: rocprim.hc.block_reduce ...................   Passed    0.81 sec
      Start 11: rocprim.hc.block_scan
11/90 Test #11: rocprim.hc.block_scan .....................   Passed    1.15 sec
      Start 12: rocprim.hc.block_sort
12/90 Test #12: rocprim.hc.block_sort .....................   Passed    1.92 sec
      Start 13: rocprim.hc.constant_iterator
13/90 Test #13: rocprim.hc.constant_iterator ..............   Passed    0.63 sec
      Start 14: rocprim.hc.counting_iterator
14/90 Test #14: rocprim.hc.counting_iterator ..............   Passed    0.60 sec
      Start 15: rocprim.hc.device_histogram
15/90 Test #15: rocprim.hc.device_histogram ...............***Failed    8.89 sec
Running main() from /home/taccuser/workspace/CompilerCQE_rocPRIM_Full/build/googletest-src/googletest/src/gtest_main.cc
[==========] Running 35 tests from 35 test cases.
[----------] Global test environment set-up.
[----------] 1 test from RocprimDeviceHistogramEven
[ RUN      ] RocprimDeviceHistogramEven.IncorrectInput
[       OK ] RocprimDeviceHistogramEven.IncorrectInput (0 ms)
[----------] 1 test from RocprimDeviceHistogramEven (0 ms total)

[----------] 1 test from RocprimDeviceHistogramEven/0, where TypeParam = params1<int, 10u, 0, 10, int, int>
[ RUN      ] RocprimDeviceHistogramEven/0.Even
[       OK ] RocprimDeviceHistogramEven/0.Even (61 ms)
[----------] 1 test from RocprimDeviceHistogramEven/0 (61 ms total)

[----------] 1 test from RocprimDeviceHistogramEven/1, where TypeParam = params1<int, 128u, 0, 256, int, int>
[ RUN      ] RocprimDeviceHistogramEven/1.Even
[       OK ] RocprimDeviceHistogramEven/1.Even (55 ms)
[----------] 1 test from RocprimDeviceHistogramEven/1 (55 ms total)

[----------] 1 test from RocprimDeviceHistogramEven/2, where TypeParam = params1<unsigned int, 12345u, 10, 12355, short, int>
[ RUN      ] RocprimDeviceHistogramEven/2.Even
[       OK ] RocprimDeviceHistogramEven/2.Even (58 ms)
[----------] 1 test from RocprimDeviceHistogramEven/2 (58 ms total)

[----------] 1 test from RocprimDeviceHistogramEven/3, where TypeParam = params1<unsigned short, 65536u, 0, 65536, int, int>
[ RUN      ] RocprimDeviceHistogramEven/3.Even
[       OK ] RocprimDeviceHistogramEven/3.Even (79 ms)
[----------] 1 test from RocprimDeviceHistogramEven/3 (79 ms total)

[----------] 1 test from RocprimDeviceHistogramEven/4, where TypeParam = params1<unsigned char, 10u, 20, 240, unsigned char, unsigned int>
[ RUN      ] RocprimDeviceHistogramEven/4.Even
[       OK ] RocprimDeviceHistogramEven/4.Even (56 ms)
[----------] 1 test from RocprimDeviceHistogramEven/4 (56 ms total)

[----------] 1 test from RocprimDeviceHistogramEven/5, where TypeParam = params1<unsigned char, 256u, 0, 256, short, int>
[ RUN      ] RocprimDeviceHistogramEven/5.Even
[       OK ] RocprimDeviceHistogramEven/5.Even (46 ms)
[----------] 1 test from RocprimDeviceHistogramEven/5 (46 ms total)

[----------] 1 test from RocprimDeviceHistogramEven/6, where TypeParam = params1<double, 10u, 0, 1000, double, int>
[ RUN      ] RocprimDeviceHistogramEven/6.Even
[       OK ] RocprimDeviceHistogramEven/6.Even (205 ms)
[----------] 1 test from RocprimDeviceHistogramEven/6 (205 ms total)

[----------] 1 test from RocprimDeviceHistogramEven/7, where TypeParam = params1<int, 123u, 100, 5635, int, int>
[ RUN      ] RocprimDeviceHistogramEven/7.Even
[       OK ] RocprimDeviceHistogramEven/7.Even (55 ms)
[----------] 1 test from RocprimDeviceHistogramEven/7 (55 ms total)

[----------] 1 test from RocprimDeviceHistogramEven/8, where TypeParam = params1<double, 55u, -123, 123, double, int>
[ RUN      ] RocprimDeviceHistogramEven/8.Even
[       OK ] RocprimDeviceHistogramEven/8.Even (206 ms)
[----------] 1 test from RocprimDeviceHistogramEven/8 (206 ms total)

[----------] 1 test from RocprimDeviceHistogramRange
[ RUN      ] RocprimDeviceHistogramRange.IncorrectInput
[       OK ] RocprimDeviceHistogramRange.IncorrectInput (0 ms)
[----------] 1 test from RocprimDeviceHistogramRange (0 ms total)

[----------] 1 test from RocprimDeviceHistogramRange/0, where TypeParam = params2<int, 10u, 0, 1u, 10u, int, int>
[ RUN      ] RocprimDeviceHistogramRange/0.Range
[       OK ] RocprimDeviceHistogramRange/0.Range (82 ms)
[----------] 1 test from RocprimDeviceHistogramRange/0 (82 ms total)

[----------] 1 test from RocprimDeviceHistogramRange/1, where TypeParam = params2<unsigned char, 5u, 10, 10u, 20u, unsigned char, int>
[ RUN      ] RocprimDeviceHistogramRange/1.Range
[       OK ] RocprimDeviceHistogramRange/1.Range (70 ms)
[----------] 1 test from RocprimDeviceHistogramRange/1 (70 ms total)

[----------] 1 test from RocprimDeviceHistogramRange/2, where TypeParam = params2<unsigned int, 10000u, 0, 1u, 100u, unsigned int, int>
[ RUN      ] RocprimDeviceHistogramRange/2.Range
[       OK ] RocprimDeviceHistogramRange/2.Range (207 ms)
[----------] 1 test from RocprimDeviceHistogramRange/2 (207 ms total)

[----------] 1 test from RocprimDeviceHistogramRange/3, where TypeParam = params2<unsigned short, 65536u, 0, 1u, 1u, int, int>
[ RUN      ] RocprimDeviceHistogramRange/3.Range
[       OK ] RocprimDeviceHistogramRange/3.Range (306 ms)
[----------] 1 test from RocprimDeviceHistogramRange/3 (306 ms total)

[----------] 1 test from RocprimDeviceHistogramRange/4, where TypeParam = params2<unsigned char, 256u, 0, 1u, 1u, unsigned short, int>
[ RUN      ] RocprimDeviceHistogramRange/4.Range
[       OK ] RocprimDeviceHistogramRange/4.Range (131 ms)
[----------] 1 test from RocprimDeviceHistogramRange/4 (131 ms total)

[----------] 1 test from RocprimDeviceHistogramRange/5, where TypeParam = params2<float, 456u, -100, 1u, 123u, float, int>
[ RUN      ] RocprimDeviceHistogramRange/5.Range
[       OK ] RocprimDeviceHistogramRange/5.Range (275 ms)
[----------] 1 test from RocprimDeviceHistogramRange/5 (275 ms total)

[----------] 1 test from RocprimDeviceHistogramRange/6, where TypeParam = params2<double, 3u, 10000, 1000u, 1000u, double, unsigned int>
[ RUN      ] RocprimDeviceHistogramRange/6.Range
[       OK ] RocprimDeviceHistogramRange/6.Range (222 ms)
[----------] 1 test from RocprimDeviceHistogramRange/6 (222 ms total)

[----------] 1 test from RocprimDeviceHistogramMultiEven/0, where TypeParam = params3<int, 4u, 3u, 2000u, 0, 2000, int, int>
[ RUN      ] RocprimDeviceHistogramMultiEven/0.MultiEven
[       OK ] RocprimDeviceHistogramMultiEven/0.MultiEven (214 ms)
[----------] 1 test from RocprimDeviceHistogramMultiEven/0 (214 ms total)

[----------] 1 test from RocprimDeviceHistogramMultiEven/1, where TypeParam = params3<int, 2u, 1u, 10u, 0, 10, int, int>
[ RUN      ] RocprimDeviceHistogramMultiEven/1.MultiEven
[       OK ] RocprimDeviceHistogramMultiEven/1.MultiEven (102 ms)
[----------] 1 test from RocprimDeviceHistogramMultiEven/1 (102 ms total)

[----------] 1 test from RocprimDeviceHistogramMultiEven/2, where TypeParam = params3<int, 3u, 3u, 128u, 0, 256, int, int>
[ RUN      ] RocprimDeviceHistogramMultiEven/2.MultiEven
[       OK ] RocprimDeviceHistogramMultiEven/2.MultiEven (168 ms)
[----------] 1 test from RocprimDeviceHistogramMultiEven/2 (168 ms total)

[----------] 1 test from RocprimDeviceHistogramMultiEven/3, where TypeParam = params3<unsigned int, 1u, 1u, 12345u, 10, 12355, short, int>
[ RUN      ] RocprimDeviceHistogramMultiEven/3.MultiEven
[       OK ] RocprimDeviceHistogramMultiEven/3.MultiEven (61 ms)
[----------] 1 test from RocprimDeviceHistogramMultiEven/3 (61 ms total)

[----------] 1 test from RocprimDeviceHistogramMultiEven/4, where TypeParam = params3<unsigned short, 4u, 4u, 65536u, 0, 65536, int, int>
[ RUN      ] RocprimDeviceHistogramMultiEven/4.MultiEven
[       OK ] RocprimDeviceHistogramMultiEven/4.MultiEven (220 ms)
[----------] 1 test from RocprimDeviceHistogramMultiEven/4 (220 ms total)

[----------] 1 test from RocprimDeviceHistogramMultiEven/5, where TypeParam = params3<unsigned char, 3u, 1u, 10u, 20, 240, unsigned char, unsigned int>
[ RUN      ] RocprimDeviceHistogramMultiEven/5.MultiEven
[       OK ] RocprimDeviceHistogramMultiEven/5.MultiEven (123 ms)
[----------] 1 test from RocprimDeviceHistogramMultiEven/5 (123 ms total)

[----------] 1 test from RocprimDeviceHistogramMultiEven/6, where TypeParam = params3<unsigned char, 2u, 2u, 256u, 0, 256, short, int>
[ RUN      ] RocprimDeviceHistogramMultiEven/6.MultiEven
[       OK ] RocprimDeviceHistogramMultiEven/6.MultiEven (96 ms)
[----------] 1 test from RocprimDeviceHistogramMultiEven/6 (96 ms total)

[----------] 1 test from RocprimDeviceHistogramMultiEven/7, where TypeParam = params3<double, 4u, 2u, 10u, 0, 1000, double, int>
[ RUN      ] RocprimDeviceHistogramMultiEven/7.MultiEven
[       OK ] RocprimDeviceHistogramMultiEven/7.MultiEven (768 ms)
[----------] 1 test from RocprimDeviceHistogramMultiEven/7 (769 ms total)

[----------] 1 test from RocprimDeviceHistogramMultiEven/8, where TypeParam = params3<int, 3u, 2u, 123u, 100, 5635, int, int>
[ RUN      ] RocprimDeviceHistogramMultiEven/8.MultiEven
[       OK ] RocprimDeviceHistogramMultiEven/8.MultiEven (152 ms)
[----------] 1 test from RocprimDeviceHistogramMultiEven/8 (152 ms total)

[----------] 1 test from RocprimDeviceHistogramMultiEven/9, where TypeParam = params3<double, 4u, 3u, 55u, -123, 123, double, int>
[ RUN      ] RocprimDeviceHistogramMultiEven/9.MultiEven
[       OK ] RocprimDeviceHistogramMultiEven/9.MultiEven (774 ms)
[----------] 1 test from RocprimDeviceHistogramMultiEven/9 (774 ms total)

[----------] 1 test from RocprimDeviceHistogramMultiRange/0, where TypeParam = params4<int, 4u, 3u, 10u, 0, 1u, 10u, int, int>
[ RUN      ] RocprimDeviceHistogramMultiRange/0.MultiRange
[       OK ] RocprimDeviceHistogramMultiRange/0.MultiRange (286 ms)
[----------] 1 test from RocprimDeviceHistogramMultiRange/0 (286 ms total)

[----------] 1 test from RocprimDeviceHistogramMultiRange/1, where TypeParam = params4<unsigned char, 2u, 2u, 5u, 10, 10u, 20u, unsigned char, int>
[ RUN      ] RocprimDeviceHistogramMultiRange/1.MultiRange
/home/taccuser/workspace/CompilerCQE_rocPRIM_Full/test/rocprim/test_hc_device_histogram.cpp:916: Failure
Expected equality of these values:
  histogram[channel][i]
    Which is: 968
  histogram_expected[channel][i]
    Which is: 1021
Google Test trace:
/home/taccuser/workspace/CompilerCQE_rocPRIM_Full/test/rocprim/test_hc_device_histogram.cpp:912: with channel = 0
/home/taccuser/workspace/CompilerCQE_rocPRIM_Full/test/rocprim/test_hc_device_histogram.cpp:756: with dim = {1, 5096, 0}
[  FAILED  ] RocprimDeviceHistogramMultiRange/1.MultiRange, where TypeParam = params4<unsigned char, 2u, 2u, 5u, 10, 10u, 20u, unsigned char, int> (8 ms)
[----------] 1 test from RocprimDeviceHistogramMultiRange/1 (8 ms total)

[----------] 1 test from RocprimDeviceHistogramMultiRange/2, where TypeParam = params4<unsigned int, 1u, 1u, 10000u, 0, 1u, 100u, unsigned int, int>
[ RUN      ] RocprimDeviceHistogramMultiRange/2.MultiRange
[       OK ] RocprimDeviceHistogramMultiRange/2.MultiRange (213 ms)
[----------] 1 test from RocprimDeviceHistogramMultiRange/2 (213 ms total)

[----------] 1 test from RocprimDeviceHistogramMultiRange/3, where TypeParam = params4<unsigned short, 4u, 4u, 65536u, 0, 1u, 1u, int, int>
[ RUN      ] RocprimDeviceHistogramMultiRange/3.MultiRange
[       OK ] RocprimDeviceHistogramMultiRange/3.MultiRange (1167 ms)
[----------] 1 test from RocprimDeviceHistogramMultiRange/3 (1167 ms total)

[----------] 1 test from RocprimDeviceHistogramMultiRange/4, where TypeParam = params4<unsigned char, 3u, 2u, 256u, 0, 1u, 1u, unsigned short, int>
[ RUN      ] RocprimDeviceHistogramMultiRange/4.MultiRange
[       OK ] RocprimDeviceHistogramMultiRange/4.MultiRange (290 ms)
[----------] 1 test from RocprimDeviceHistogramMultiRange/4 (290 ms total)

[----------] 1 test from RocprimDeviceHistogramMultiRange/5, where TypeParam = params4<float, 4u, 2u, 456u, -100, 1u, 123u, float, int>
[ RUN      ] RocprimDeviceHistogramMultiRange/5.MultiRange
[       OK ] RocprimDeviceHistogramMultiRange/5.MultiRange (847 ms)
[----------] 1 test from RocprimDeviceHistogramMultiRange/5 (847 ms total)

[----------] 1 test from RocprimDeviceHistogramMultiRange/6, where TypeParam = params4<double, 3u, 1u, 3u, 10000, 1000u, 1000u, double, unsigned int>
[ RUN      ] RocprimDeviceHistogramMultiRange/6.MultiRange
[       OK ] RocprimDeviceHistogramMultiRange/6.MultiRange (588 ms)
[----------] 1 test from RocprimDeviceHistogramMultiRange/6 (588 ms total)

[----------] Global test environment tear-down
[==========] 35 tests from 35 test cases ran. (8192 ms total)
[  PASSED  ] 34 tests.
[  FAILED  ] 1 test, listed below:
[  FAILED  ] RocprimDeviceHistogramMultiRange/1.MultiRange, where TypeParam = params4<unsigned char, 2u, 2u, 5u, 10, 10u, 20u, unsigned char, int>

 1 FAILED TEST

      Start 16: rocprim.hc.device_merge
16/90 Test #16: rocprim.hc.device_merge ...................   Passed    3.14 sec
      Start 17: rocprim.hc.device_merge_sort
17/90 Test #17: rocprim.hc.device_merge_sort ..............   Passed    1.89 sec
      Start 18: rocprim.hc.device_partition
18/90 Test #18: rocprim.hc.device_partition ...............   Passed    1.05 sec
      Start 19: rocprim.hc.device_radix_sort
19/90 Test #19: rocprim.hc.device_radix_sort ..............   Passed   12.94 sec
      Start 20: rocprim.hc.device_reduce_by_key
20/90 Test #20: rocprim.hc.device_reduce_by_key ...........   Passed    9.13 sec
      Start 21: rocprim.hc.device_reduce
21/90 Test #21: rocprim.hc.device_reduce ..................   Passed    1.26 sec
      Start 22: rocprim.hc.device_run_length_encode
22/90 Test #22: rocprim.hc.device_run_length_encode .......   Passed    3.96 sec
      Start 23: rocprim.hc.device_scan
23/90 Test #23: rocprim.hc.device_scan ....................   Passed    8.62 sec
      Start 24: rocprim.hc.device_segmented_radix_sort
24/90 Test #24: rocprim.hc.device_segmented_radix_sort ....   Passed   10.86 sec
      Start 25: rocprim.hc.device_segmented_reduce
25/90 Test #25: rocprim.hc.device_segmented_reduce ........   Passed    2.39 sec
      Start 26: rocprim.hc.device_segmented_scan
26/90 Test #26: rocprim.hc.device_segmented_scan ..........   Passed    5.18 sec
      Start 27: rocprim.hc.device_select
27/90 Test #27: rocprim.hc.device_select ..................   Passed    1.62 sec
      Start 28: rocprim.hc.device_transform
28/90 Test #28: rocprim.hc.device_transform ...............   Passed    1.13 sec
      Start 29: rocprim.hc.discard_iterator
29/90 Test #29: rocprim.hc.discard_iterator ...............   Passed    0.61 sec
      Start 30: rocprim.hc.intrinsics
30/90 Test #30: rocprim.hc.intrinsics .....................   Passed    0.59 sec
      Start 31: rocprim.hc.transform_iterator
31/90 Test #31: rocprim.hc.transform_iterator .............   Passed    0.61 sec
      Start 32: rocprim.hc.tuple
32/90 Test #32: rocprim.hc.tuple ..........................   Passed    0.59 sec
      Start 33: rocprim.hc.warp_reduce
33/90 Test #33: rocprim.hc.warp_reduce ....................   Passed    0.70 sec
      Start 34: rocprim.hc.warp_scan
34/90 Test #34: rocprim.hc.warp_scan ......................   Passed    0.69 sec
      Start 35: rocprim.hc.warp_sort
35/90 Test #35: rocprim.hc.warp_sort ......................   Passed    0.84 sec
      Start 36: rocprim.hc.zip_iterator
36/90 Test #36: rocprim.hc.zip_iterator ...................   Passed    0.62 sec
      Start 37: rocprim.hip.basic_test
37/90 Test #37: rocprim.hip.basic_test ....................   Passed    0.63 sec
      Start 38: rocprim.hip.arg_index_iterator
38/90 Test #38: rocprim.hip.arg_index_iterator ............   Passed    0.89 sec
      Start 39: rocprim.hip.block_discontinuity
39/90 Test #39: rocprim.hip.block_discontinuity ...........   Passed    4.56 sec
      Start 40: rocprim.hip.block_exchange
40/90 Test #40: rocprim.hip.block_exchange ................   Passed    0.85 sec
      Start 41: rocprim.hip.block_histogram
41/90 Test #41: rocprim.hip.block_histogram ...............   Passed    0.67 sec
      Start 42: rocprim.hip.block_load_store
42/90 Test #42: rocprim.hip.block_load_store ..............   Passed    1.35 sec
      Start 43: rocprim.hip.block_radix_sort
43/90 Test #43: rocprim.hip.block_radix_sort ..............   Passed    3.45 sec
      Start 44: rocprim.hip.block_reduce
44/90 Test #44: rocprim.hip.block_reduce ..................   Passed    0.80 sec
      Start 45: rocprim.hip.block_scan
45/90 Test #45: rocprim.hip.block_scan ....................   Passed    1.26 sec
      Start 46: rocprim.hip.block_sort
46/90 Test #46: rocprim.hip.block_sort ....................   Passed    1.97 sec
      Start 47: rocprim.hip.constant_iterator
47/90 Test #47: rocprim.hip.constant_iterator .............   Passed    0.66 sec
      Start 48: rocprim.hip.counting_iterator
48/90 Test #48: rocprim.hip.counting_iterator .............   Passed    0.63 sec
      Start 49: rocprim.hip.device_histogram
49/90 Test #49: rocprim.hip.device_histogram ..............   Passed    8.20 sec
      Start 50: rocprim.hip.device_merge
50/90 Test #50: rocprim.hip.device_merge ..................   Passed    3.12 sec
      Start 51: rocprim.hip.device_merge_sort
51/90 Test #51: rocprim.hip.device_merge_sort .............   Passed    4.79 sec
      Start 52: rocprim.hip.device_partition
52/90 Test #52: rocprim.hip.device_partition ..............   Passed   10.71 sec
      Start 53: rocprim.hip.device_radix_sort
53/90 Test #53: rocprim.hip.device_radix_sort .............   Passed   12.33 sec
      Start 54: rocprim.hip.device_reduce_by_key
54/90 Test #54: rocprim.hip.device_reduce_by_key ..........   Passed    7.98 sec
      Start 55: rocprim.hip.device_reduce
55/90 Test #55: rocprim.hip.device_reduce .................   Passed    1.13 sec
      Start 56: rocprim.hip.device_run_length_encode
56/90 Test #56: rocprim.hip.device_run_length_encode ......   Passed    3.48 sec
      Start 57: rocprim.hip.device_scan
57/90 Test #57: rocprim.hip.device_scan ...................   Passed   10.48 sec
      Start 58: rocprim.hip.device_segmented_radix_sort
58/90 Test #58: rocprim.hip.device_segmented_radix_sort ...   Passed    9.98 sec
      Start 59: rocprim.hip.device_segmented_reduce
59/90 Test #59: rocprim.hip.device_segmented_reduce .......   Passed    2.03 sec
      Start 60: rocprim.hip.device_segmented_scan
60/90 Test #60: rocprim.hip.device_segmented_scan .........   Passed    4.20 sec
      Start 61: rocprim.hip.device_select
61/90 Test #61: rocprim.hip.device_select .................   Passed    1.55 sec
      Start 62: rocprim.hip.device_transform
62/90 Test #62: rocprim.hip.device_transform ..............   Passed    0.84 sec
      Start 63: rocprim.hip.discard_iterator
63/90 Test #63: rocprim.hip.discard_iterator ..............   Passed    0.63 sec
      Start 64: rocprim.hip.texture_cache_iterator
64/90 Test #64: rocprim.hip.texture_cache_iterator ........   Passed    0.63 sec
      Start 65: rocprim.hip.transform_iterator
65/90 Test #65: rocprim.hip.transform_iterator ............   Passed    0.64 sec
      Start 66: rocprim.hip.intrinsics
66/90 Test #66: rocprim.hip.intrinsics ....................   Passed    0.67 sec
      Start 67: rocprim.hip.warp_reduce
67/90 Test #67: rocprim.hip.warp_reduce ...................   Passed    0.66 sec
      Start 68: rocprim.hip.warp_scan
68/90 Test #68: rocprim.hip.warp_scan .....................   Passed    0.66 sec
      Start 69: rocprim.hip.warp_sort
69/90 Test #69: rocprim.hip.warp_sort .....................   Passed    0.63 sec
      Start 70: rocprim.hip.zip_iterator
70/90 Test #70: rocprim.hip.zip_iterator ..................   Passed    0.64 sec
      Start 71: hipcub.BasicTest
71/90 Test #71: hipcub.BasicTest ..........................   Passed    0.64 sec
      Start 72: hipcub.BlockDiscontinuity
72/90 Test #72: hipcub.BlockDiscontinuity .................   Passed    3.47 sec
      Start 73: hipcub.BlockExchange
73/90 Test #73: hipcub.BlockExchange ......................   Passed    0.80 sec
      Start 74: hipcub.BlockHistogram
74/90 Test #74: hipcub.BlockHistogram .....................   Passed    0.66 sec
      Start 75: hipcub.BlockLoadStore
75/90 Test #75: hipcub.BlockLoadStore .....................   Passed    1.33 sec
      Start 76: hipcub.BlockRadixSort
76/90 Test #76: hipcub.BlockRadixSort .....................   Passed    2.59 sec
      Start 77: hipcub.BlockReduce
77/90 Test #77: hipcub.BlockReduce ........................   Passed    0.73 sec
      Start 78: hipcub.BlockScan
78/90 Test #78: hipcub.BlockScan ..........................   Passed    1.02 sec
      Start 79: hipcub.DeviceHistogram
79/90 Test #79: hipcub.DeviceHistogram ....................   Passed    8.25 sec
      Start 80: hipcub.DeviceRadixSort
80/90 Test #80: hipcub.DeviceRadixSort ....................   Passed   11.65 sec
      Start 81: hipcub.DeviceReduce
81/90 Test #81: hipcub.DeviceReduce .......................   Passed    1.13 sec
      Start 82: hipcub.DeviceRunLengthEncode
82/90 Test #82: hipcub.DeviceRunLengthEncode ..............   Passed    2.40 sec
      Start 83: hipcub.DeviceReduceByKey
83/90 Test #83: hipcub.DeviceReduceByKey ..................   Passed    4.76 sec
      Start 84: hipcub.DeviceScan
84/90 Test #84: hipcub.DeviceScan .........................   Passed    0.77 sec
      Start 85: hipcub.DeviceSegmentedRadixSort
85/90 Test #85: hipcub.DeviceSegmentedRadixSort ...........   Passed    9.83 sec
      Start 86: hipcub.DeviceSegmentedReduce
86/90 Test #86: hipcub.DeviceSegmentedReduce ..............   Passed    2.99 sec
      Start 87: hipcub.DeviceSelect
87/90 Test #87: hipcub.DeviceSelect .......................   Passed    0.98 sec
      Start 88: hipcub.UtilPtx
88/90 Test #88: hipcub.UtilPtx ............................   Passed    0.65 sec
      Start 89: hipcub.WarpReduce
89/90 Test #89: hipcub.WarpReduce .........................   Passed    0.65 sec
      Start 90: hipcub.WarpScan
90/90 Test #90: hipcub.WarpScan ...........................   Passed    0.65 sec

99% tests passed, 1 tests failed out of 90

Total Test time (real) = 256.30 sec

The following tests FAILED:
	 15 - rocprim.hc.device_histogram (Failed)
Errors while running CTest
Finished: SUCCESS
